<?xml version="1.0" encoding="UTF-8"?>
<!-- Generated by org.testng.reporters.JUnitReportReporter -->
<testsuite hostname="LAPTOP-P01DG4LS" failures="0" tests="1" name="com.guru99.tests.LoginPageTests" time="0.000" errors="0" timestamp="2021-06-06T20:18:27 IST" skipped="1">
  <testcase classname="com.guru99.tests.LoginPageTests" name="verifyLogin" time="0.000">
    <skipped/>
  </testcase> <!-- verifyLogin -->
  <system-out/>
</testsuite> <!-- com.guru99.tests.LoginPageTests -->
